\BOOKMARK [0][]{sjtubookmark.1.0}{\376\377\166\356\137\125}{}% 1
\BOOKMARK [0][]{chapter.1}{\376\377\173\054\000\040\0001\000\040\172\340\000\040\221\315\171\357\122\006}{}% 2
\BOOKMARK [1][-]{section.1.1}{\376\377\0001\000.\0001\000\040\221\315\171\357\122\006\166\204\151\202\137\365\124\214\140\047\215\050}{chapter.1}% 3
\BOOKMARK [1][-]{section.1.2}{\376\377\0001\000.\0002\000\040\116\214\221\315\171\357\122\006\166\204\140\047\215\050}{chapter.1}% 4
\BOOKMARK [1][-]{section.1.3}{\376\377\0001\000.\0003\000\040\116\214\221\315\171\357\122\006\166\204\213\241\173\227}{chapter.1}% 5
\BOOKMARK [2][-]{subsection.1.3.1}{\376\377\0001\000.\0003\000.\0001\000\040\166\364\211\322\127\120\150\007\174\373\116\013\166\204\213\241\173\227}{section.1.3}% 6
\BOOKMARK [2][-]{subsection.1.3.2}{\376\377\0001\000.\0003\000.\0002\000\040\147\201\127\120\150\007\174\373\116\013\166\204\213\241\173\227}{section.1.3}% 7
\BOOKMARK [2][-]{subsection.1.3.3}{\376\377\0001\000.\0003\000.\0003\000\040\116\214\221\315\171\357\122\006\166\204\123\330\221\317\116\343\143\142}{section.1.3}% 8
\BOOKMARK [1][-]{section.1.4}{\376\377\0001\000.\0004\000\040\116\011\221\315\171\357\122\006}{chapter.1}% 9
\BOOKMARK [2][-]{subsection.1.4.1}{\376\377\0001\000.\0004\000.\0001\000\040\116\011\221\315\171\357\122\006\166\204\133\232\116\111}{section.1.4}% 10
\BOOKMARK [2][-]{subsection.1.4.2}{\376\377\0001\000.\0004\000.\0002\000\040\166\364\211\322\127\120\150\007\174\373\116\013\166\204\213\241\173\227}{section.1.4}% 11
\BOOKMARK [2][-]{subsection.1.4.3}{\376\377\0001\000.\0004\000.\0003\000\040\116\011\221\315\171\357\122\006\166\204\123\330\221\317\116\343\143\142}{section.1.4}% 12
\BOOKMARK [1][-]{section.1.5}{\376\377\0001\000.\0005\000\040\221\315\171\357\122\006\166\204\136\224\165\050}{chapter.1}% 13
\BOOKMARK [2][-]{subsection.1.5.1}{\376\377\0001\000.\0005\000.\0001\000\040\221\315\171\357\122\006\166\204\121\340\117\125\136\224\165\050}{section.1.5}% 14
\BOOKMARK [2][-]{subsection.1.5.2}{\376\377\0001\000.\0005\000.\0002\000\040\221\315\171\357\122\006\166\204\162\151\164\006\136\224\165\050}{section.1.5}% 15
\BOOKMARK [0][]{chapter.2}{\376\377\173\054\000\040\0002\000\040\172\340\000\040\146\362\176\277\171\357\122\006\124\214\146\362\227\142\171\357\122\006}{}% 16
\BOOKMARK [1][-]{section.2.1}{\376\377\0002\000.\0001\000\040\173\054\116\000\174\173\146\362\176\277\171\357\122\006\124\214\146\362\227\142\171\357\122\006}{chapter.2}% 17
\BOOKMARK [2][-]{subsection.2.1.1}{\376\377\0002\000.\0001\000.\0001\000\040\173\054\116\000\174\173\146\362\176\277\171\357\122\006\166\204\151\202\137\365}{section.2.1}% 18
\BOOKMARK [2][-]{subsection.2.1.2}{\376\377\0002\000.\0001\000.\0002\000\040\173\054\116\000\174\173\146\362\176\277\171\357\122\006\166\204\140\047\215\050}{section.2.1}% 19
\BOOKMARK [2][-]{subsection.2.1.3}{\376\377\0002\000.\0001\000.\0003\000\040\116\000\174\173\146\362\176\277\171\357\122\006\166\204\213\241\173\227}{section.2.1}% 20
\BOOKMARK [1][-]{section.2.2}{\376\377\0002\000.\0002\000\040\173\054\116\214\174\173\146\362\176\277\171\357\122\006\116\016\146\362\227\142\171\357\122\006}{chapter.2}% 21
\BOOKMARK [2][-]{subsection.2.2.1}{\376\377\0002\000.\0002\000.\0001\000\040\173\054\116\214\174\173\146\362\176\277\171\357\122\006\166\204\151\202\137\365}{section.2.2}% 22
\BOOKMARK [2][-]{subsection.2.2.2}{\376\377\0002\000.\0002\000.\0002\000\040\173\054\116\214\174\173\146\362\227\142\171\357\122\006\166\204\151\202\137\365}{section.2.2}% 23
\BOOKMARK [2][-]{subsection.2.2.3}{\376\377\0002\000.\0002\000.\0003\000\040\173\054\116\214\174\173\146\362\227\142\171\357\122\006\166\204\213\241\173\227}{section.2.2}% 24
\BOOKMARK [1][-]{section.2.3}{\376\377\0002\000.\0003\000\040\000G\000r\000e\000e\000n\000\040\121\154\137\017\123\312\121\166\136\224\165\050}{chapter.2}% 25
\BOOKMARK [2][-]{subsection.2.3.1}{\376\377\0002\000.\0003\000.\0001\000\040\000G\000r\000e\000e\000n\000\040\121\154\137\017}{section.2.3}% 26
\BOOKMARK [2][-]{subsection.2.3.2}{\376\377\0002\000.\0003\000.\0002\000\040\176\277\171\357\122\006\116\016\215\357\137\204\145\340\121\163\166\204\147\141\116\366}{section.2.3}% 27
\BOOKMARK [2][-]{subsection.2.3.3}{\376\377\0002\000.\0003\000.\0003\000\040\121\150\137\256\122\006\154\102\171\357\116\016\121\150\137\256\122\006\145\271\172\013}{section.2.3}% 28
\BOOKMARK [1][-]{section.2.4}{\376\377\0002\000.\0004\000\040\000G\000a\000u\000s\000s\000\040\121\154\137\017\124\214\000\040\000S\000t\000r\000o\000k\000e\000s\000\040\121\154\137\017}{chapter.2}% 29
\BOOKMARK [2][-]{subsection.2.4.1}{\376\377\0002\000.\0004\000.\0001\000\040\000G\000a\000u\000s\000s\000\040\121\154\137\017}{section.2.4}% 30
\BOOKMARK [2][-]{subsection.2.4.2}{\376\377\0002\000.\0004\000.\0002\000\040\220\032\221\317\124\214\145\143\136\246}{section.2.4}% 31
\BOOKMARK [0][]{chapter.3}{\376\377\173\054\000\040\0003\000\040\172\340\000\040\176\247\145\160}{}% 32
\BOOKMARK [1][-]{section.3.1}{\376\377\0003\000.\0001\000\040\145\160\230\171\176\247\145\160}{chapter.3}% 33
\BOOKMARK [2][-]{subsection.3.1.1}{\376\377\0003\000.\0001\000.\0001\000\040\145\160\230\171\176\247\145\160\166\204\151\202\137\365}{section.3.1}% 34
\BOOKMARK [2][-]{subsection.3.1.2}{\376\377\0003\000.\0001\000.\0002\000\040\145\160\230\171\176\247\145\160\166\204\151\202\137\365}{section.3.1}% 35
\BOOKMARK [2][-]{subsection.3.1.3}{\376\377\0003\000.\0001\000.\0003\000\040\145\160\230\171\176\247\145\160\166\204\127\372\147\054\140\047\215\050}{section.3.1}% 36
\BOOKMARK [1][-]{section.3.2}{\376\377\0003\000.\0002\000\040\153\143\230\171\176\247\145\160\145\133\145\143\140\047}{chapter.3}% 37
\BOOKMARK [2][-]{subsection.3.2.1}{\376\377\0003\000.\0002\000.\0001\000\040\153\143\230\171\176\247\145\160}{section.3.2}% 38
\BOOKMARK [2][-]{subsection.3.2.2}{\376\377\0003\000.\0002\000.\0002\000\040\153\143\230\171\176\247\145\160\145\133\145\143\140\047\122\044\122\053\154\325}{section.3.2}% 39
\BOOKMARK [1][-]{section.3.3}{\376\377\0003\000.\0003\000\040\116\373\141\017\230\171\176\247\145\160\166\204\145\133\145\143\140\047}{chapter.3}% 40
\BOOKMARK [2][-]{subsection.3.3.1}{\376\377\0003\000.\0003\000.\0001\000\040\225\031\176\247\145\160\145\133\145\143\140\047\166\204\122\044\122\053\154\325}{section.3.3}% 41
\BOOKMARK [2][-]{subsection.3.3.2}{\376\377\0003\000.\0003\000.\0002\000\040\000A\000b\000e\000l\000\040\122\044\122\053\154\325\124\214\000\040\000D\000i\000r\000i\000c\000h\000l\000e\000t\000\040\122\044\122\053\154\325}{section.3.3}% 42
\BOOKMARK [2][-]{subsection.3.3.3}{\376\377\0003\000.\0003\000.\0003\000\040\176\335\133\371\145\066\145\133\116\016\147\141\116\366\145\066\145\133}{section.3.3}% 43
\BOOKMARK [1][-]{section.3.4}{\376\377\0003\000.\0004\000\040\121\375\145\160\230\171\176\247\145\160}{chapter.3}% 44
\BOOKMARK [1][-]{section.3.5}{\376\377\0003\000.\0005\000\040\136\102\176\247\145\160}{chapter.3}% 45
\BOOKMARK [2][-]{subsection.3.5.1}{\376\377\0003\000.\0005\000.\0001\000\040\136\102\176\247\145\160\123\312\121\166\145\066\145\133\123\112\137\204}{section.3.5}% 46
\BOOKMARK [1][-]{section.3.6}{\376\377\0003\000.\0006\000\040\136\102\176\247\145\160\145\066\145\133\123\112\137\204\166\204\154\102\154\325}{chapter.3}% 47
\BOOKMARK [2][-]{subsection.3.6.1}{\376\377\0003\000.\0006\000.\0001\000\040\174\373\145\160\152\041\153\324\120\074\154\325}{section.3.6}% 48
\BOOKMARK [2][-]{subsection.3.6.2}{\376\377\0003\000.\0006\000.\0002\000\040\174\373\145\160\152\041\150\071\120\074\154\325}{section.3.6}% 49
\BOOKMARK [1][-]{section.3.7}{\376\377\0003\000.\0007\000\040\136\102\176\247\145\160\166\204\140\047\215\050}{chapter.3}% 50
\BOOKMARK [2][-]{subsection.3.7.1}{\376\377\0003\000.\0007\000.\0001\000\040\136\102\176\247\145\160\166\204\122\006\147\220\140\047\215\050}{section.3.7}% 51
\BOOKMARK [2][-]{subsection.3.7.2}{\376\377\0003\000.\0007\000.\0002\000\040\000T\000a\000y\000l\000o\000r\000\040\176\247\145\160}{section.3.7}% 52
\BOOKMARK [2][-]{subsection.3.7.3}{\376\377\0003\000.\0007\000.\0003\000\040\136\070\165\050\166\204\122\035\173\111\121\375\145\160\166\204\136\102\176\247\145\160\134\125\137\000\137\017}{section.3.7}% 53
\BOOKMARK [2][-]{subsection.3.7.4}{\376\377\0003\000.\0007\000.\0004\000\040\153\143\137\046\176\247\145\160\124\214\117\131\137\046\176\247\145\160}{section.3.7}% 54
\BOOKMARK [2][-]{subsection.3.7.5}{\376\377\0003\000.\0007\000.\0005\000\040\124\150\147\037\116\072\000\040\0002\000l\000\040\166\204\000\040\000F\000o\000u\000r\000i\000e\000r\000\040\176\247\145\160}{section.3.7}% 55
